Using pre-set license
Built from '2020.3/release' branch; Version is '2020.3.12f1 (b3b2c6512326) revision 11776710'; Using compiler version '192528614'; Build Type 'Release'
OS: 'Windows 10 Home; OS build 19042.1110; Version 2009; 64bit' Language: 'en' Physical Memory: 15970 MB
BatchMode: 1, IsHumanControllingUs: 0, StartBugReporterOnCrash: 0, Is64bit: 1, IsPro: 0

 COMMAND LINE ARGUMENTS:
C:\Program Files\Unity\Hub\EditorLearn-Installs\2020.3.12f1\Editor\Unity.exe
-adb2
-batchMode
-noUpm
-name
AssetImportWorker0
-projectPath
C:/Users/kaush/Documents/UnityProjs/MazeDayBreakout/MazeDayBreakout
-logFile
Logs/AssetImportWorker0.log
-srvPort
62537
Successfully changed project path to: C:/Users/kaush/Documents/UnityProjs/MazeDayBreakout/MazeDayBreakout
C:/Users/kaush/Documents/UnityProjs/MazeDayBreakout/MazeDayBreakout
Using Asset Import Pipeline V2.
Refreshing native plugins compatible for Editor in 45.02 ms, found 2 plugins.
Preloading 0 native plugins for Editor in 0.00 ms.
Initialize engine version: 2020.3.12f1 (b3b2c6512326)
[Subsystems] Discovering subsystems at path C:/Program Files/Unity/Hub/EditorLearn-Installs/2020.3.12f1/Editor/Data/Resources/UnitySubsystems
[Subsystems] Discovering subsystems at path C:/Users/kaush/Documents/UnityProjs/MazeDayBreakout/MazeDayBreakout/Assets
GfxDevice: creating device client; threaded=0
Direct3D:
    Version:  Direct3D 11.0 [level 11.1]
    Renderer: Intel(R) Iris(R) Plus Graphics (ID=0x8a52)
    Vendor:   
    VRAM:     7985 MB
    Driver:   27.20.100.8681
Initialize mono
Mono path[0] = 'C:/Program Files/Unity/Hub/EditorLearn-Installs/2020.3.12f1/Editor/Data/Managed'
Mono path[1] = 'C:/Program Files/Unity/Hub/EditorLearn-Installs/2020.3.12f1/Editor/Data/MonoBleedingEdge/lib/mono/unityjit'
Mono config path = 'C:/Program Files/Unity/Hub/EditorLearn-Installs/2020.3.12f1/Editor/Data/MonoBleedingEdge/etc'
Using monoOptions --debugger-agent=transport=dt_socket,embedding=1,server=y,suspend=n,address=127.0.0.1:56712
Begin MonoManager ReloadAssembly
Registering precompiled unity dll's ...
Register platform support module: C:/Program Files/Unity/Hub/EditorLearn-Installs/2020.3.12f1/Editor/Data/PlaybackEngines/WebGLSupport/UnityEditor.WebGL.Extensions.dll
Register platform support module: C:/Program Files/Unity/Hub/EditorLearn-Installs/2020.3.12f1/Editor/Data/PlaybackEngines/WindowsStandaloneSupport/UnityEditor.WindowsStandalone.Extensions.dll
Registered in 0.002503 seconds.
Native extension for WindowsStandalone target not found
Native extension for WebGL target not found
Refreshing native plugins compatible for Editor in 52.38 ms, found 2 plugins.
Preloading 0 native plugins for Editor in 0.00 ms.
Mono: successfully reloaded assembly
- Completed reload, in  1.462 seconds
Platform modules already initialized, skipping
Registering precompiled user dll's ...
Registered in 0.004642 seconds.
Begin MonoManager ReloadAssembly
Native extension for WindowsStandalone target not found
Native extension for WebGL target not found
Refreshing native plugins compatible for Editor in 0.53 ms, found 2 plugins.
Preloading 0 native plugins for Editor in 0.00 ms.
Mono: successfully reloaded assembly
- Completed reload, in  1.494 seconds
Platform modules already initialized, skipping
========================================================================
Worker process is ready to serve import requests
Launched and connected shader compiler UnityShaderCompiler.exe after 0.09 seconds
Refreshing native plugins compatible for Editor in 0.43 ms, found 2 plugins.
Preloading 0 native plugins for Editor in 0.00 ms.
Unloading 1759 Unused Serialized files (Serialized files now loaded: 0)
System memory in use before: 83.1 MB.
System memory in use after: 83.1 MB.

Unloading 19 unused Assets to reduce memory usage. Loaded Objects now: 2194.
Total: 2.578200 ms (FindLiveObjects: 0.358700 ms CreateObjectMapping: 0.069600 ms MarkObjects: 1.964900 ms  DeleteObjects: 0.183300 ms)

AssetImportParameters requested are different than current active one (requested -> active):
  custom:framework-win-MediaFoundation: 216162199b28c13a410421893ffa2e32 -> 
  custom:video-decoder-ogg-theora: a1e56fd34408186e4bbccfd4996cb3dc -> 
  custom:container-muxer-webm: aa71ff27fc2769a1b78a27578f13a17b -> 
  custom:container-demuxer-webm: 4f35f7cbe854078d1ac9338744f61a02 -> 
  custom:container-demuxer-ogg: 62fdf1f143b41e24485cea50d1cbac27 -> 
  custom:video-encoder-webm-vp8: eb34c28f22e8b96e1ab97ce403110664 -> 
  custom:video-codec-MediaFoundation-h265: 746d11721c4dcdbdad8f713fa42b33f4 -> 
  custom:video-decoder-webm-vp8: 9c59270c3fd7afecdb556c50c9e8de78 -> 
  custom:audio-decoder-ogg-vorbis: bf7c407c2cedff20999df2af8eb42d56 -> 
  custom:audio-encoder-webm-vorbis: bf7c407c2cedff20999df2af8eb42d56 -> 
========================================================================
Received Import Request.
  path: Assets/Prefabs
  artifactKey: Guid(00358307344707f4a8bf71770944728b) Importer(815301076,1909f56bfc062723c751e8b465ee728b)
Start importing Assets/Prefabs using Guid(00358307344707f4a8bf71770944728b) Importer(815301076,1909f56bfc062723c751e8b465ee728b)  -> (artifact id: 'bf0c5e259ce2f680b1423501337c47a1') in 0.014466 seconds 
  Import took 0.018525 seconds .

========================================================================
Received Import Request.
  Time since last request: 213.889996 seconds.
  path: Assets/StudioNewPunch
  artifactKey: Guid(59ba06b676a08764c8abfc492743a395) Importer(815301076,1909f56bfc062723c751e8b465ee728b)
Start importing Assets/StudioNewPunch using Guid(59ba06b676a08764c8abfc492743a395) Importer(815301076,1909f56bfc062723c751e8b465ee728b)  -> (artifact id: '12a179407be00d160df643d8a295d792') in 0.017969 seconds 
  Import took 0.027614 seconds .

========================================================================
Received Import Request.
  Time since last request: 3.175872 seconds.
  path: Assets/StudioNewPunch/SuitPack
  artifactKey: Guid(7c9213af8d36fc04a8a934000e9ce276) Importer(815301076,1909f56bfc062723c751e8b465ee728b)
Start importing Assets/StudioNewPunch/SuitPack using Guid(7c9213af8d36fc04a8a934000e9ce276) Importer(815301076,1909f56bfc062723c751e8b465ee728b)  -> (artifact id: 'c0f49acc3cf9846502dacd549b4721bc') in 0.034730 seconds 
  Import took 0.040787 seconds .

========================================================================
Received Import Request.
  Time since last request: 1.222152 seconds.
  path: Assets/StudioNewPunch/SuitPack/SuitedMan
  artifactKey: Guid(dd94723bf4fed434e91adb59905d340a) Importer(815301076,1909f56bfc062723c751e8b465ee728b)
Start importing Assets/StudioNewPunch/SuitPack/SuitedMan using Guid(dd94723bf4fed434e91adb59905d340a) Importer(815301076,1909f56bfc062723c751e8b465ee728b)  -> (artifact id: '0cc7740ee07a9dbfb4d02d47361ea8d4') in 0.072217 seconds 
  Import took 0.080171 seconds .

========================================================================
Received Import Request.
  Time since last request: 23.356172 seconds.
  path: Assets/EnemyRobots
  artifactKey: Guid(b5c502f5765d49948a9e184dd962353e) Importer(815301076,1909f56bfc062723c751e8b465ee728b)
Start importing Assets/EnemyRobots using Guid(b5c502f5765d49948a9e184dd962353e) Importer(815301076,1909f56bfc062723c751e8b465ee728b)  -> (artifact id: '3c0ae1ce9f66dd4ba1c30c4b7e8b9cb0') in 0.038241 seconds 
  Import took 0.053113 seconds .

========================================================================
Received Import Request.
  Time since last request: 5.803677 seconds.
  path: Assets/MASH Virtual
  artifactKey: Guid(d44b60f51b610904c9461fd3c724c3ce) Importer(815301076,1909f56bfc062723c751e8b465ee728b)
Start importing Assets/MASH Virtual using Guid(d44b60f51b610904c9461fd3c724c3ce) Importer(815301076,1909f56bfc062723c751e8b465ee728b)  -> (artifact id: '786c207fc9a08e9951e9243bdc0d3ce5') in 0.039685 seconds 
  Import took 0.044700 seconds .

========================================================================
Received Import Request.
  Time since last request: 1.745226 seconds.
  path: Assets/MASH Virtual/Asset
  artifactKey: Guid(74f9562e22136e7498c6a1428c2f5d31) Importer(815301076,1909f56bfc062723c751e8b465ee728b)
Start importing Assets/MASH Virtual/Asset using Guid(74f9562e22136e7498c6a1428c2f5d31) Importer(815301076,1909f56bfc062723c751e8b465ee728b)  -> (artifact id: 'ea65f2c42b3db658022a989e734bea3a') in 0.036334 seconds 
  Import took 0.042119 seconds .

========================================================================
Received Import Request.
  Time since last request: 1.019296 seconds.
  path: Assets/MASH Virtual/Asset/Material
  artifactKey: Guid(96e4f3b73c3057a448647c130ecef0ff) Importer(815301076,1909f56bfc062723c751e8b465ee728b)
Start importing Assets/MASH Virtual/Asset/Material using Guid(96e4f3b73c3057a448647c130ecef0ff) Importer(815301076,1909f56bfc062723c751e8b465ee728b)  -> (artifact id: 'b310b36fa4808c309b23cb47a5c03cc5') in 0.019876 seconds 
  Import took 0.032101 seconds .

========================================================================
Received Import Request.
  Time since last request: 0.035428 seconds.
  path: Assets/MASH Virtual/Asset/Material/Glow.mat
  artifactKey: Guid(4e7a7c7b1c24c6242bc7b9b76b31f7ea) Importer(815301076,1909f56bfc062723c751e8b465ee728b)
Start importing Assets/MASH Virtual/Asset/Material/Glow.mat using Guid(4e7a7c7b1c24c6242bc7b9b76b31f7ea) Importer(815301076,1909f56bfc062723c751e8b465ee728b)  -> (artifact id: '944c434724ce27f3fbc3e55e91049a78') in 0.354881 seconds 
  Import took 0.360967 seconds .

========================================================================
Received Import Request.
  Time since last request: 0.000296 seconds.
  path: Assets/MASH Virtual/Asset/Material/Gun Mat.mat
  artifactKey: Guid(126aeccc6c094bb48a7584d58853792c) Importer(815301076,1909f56bfc062723c751e8b465ee728b)
Start importing Assets/MASH Virtual/Asset/Material/Gun Mat.mat using Guid(126aeccc6c094bb48a7584d58853792c) Importer(815301076,1909f56bfc062723c751e8b465ee728b)  -> (artifact id: '97a0f25d185a99e904430462ef08d2a2') in 0.335580 seconds 
  Import took 0.339840 seconds .

========================================================================
Received Import Request.
  Time since last request: 0.000345 seconds.
  path: Assets/MASH Virtual/Asset/Material/Walls.mat
  artifactKey: Guid(3004f05b13f291c49831b57089640c63) Importer(815301076,1909f56bfc062723c751e8b465ee728b)
Start importing Assets/MASH Virtual/Asset/Material/Walls.mat using Guid(3004f05b13f291c49831b57089640c63) Importer(815301076,1909f56bfc062723c751e8b465ee728b)  -> (artifact id: '4ab18926a1b8639370bcfff40bce4b81') in 0.020247 seconds 
  Import took 0.023695 seconds .

========================================================================
Received Import Request.
  Time since last request: 0.000206 seconds.
  path: Assets/MASH Virtual/Asset/Material/Text.mat
  artifactKey: Guid(23037c33e61f39549867eb514f8e18b5) Importer(815301076,1909f56bfc062723c751e8b465ee728b)
Start importing Assets/MASH Virtual/Asset/Material/Text.mat using Guid(23037c33e61f39549867eb514f8e18b5) Importer(815301076,1909f56bfc062723c751e8b465ee728b)  -> (artifact id: 'cb04e3b4d57cc81219f72e3ad99295e4') in 2.018985 seconds 
  Import took 2.023351 seconds .

========================================================================
Received Import Request.
  Time since last request: 9.886532 seconds.
  path: Assets/Prefabs/Gun
  artifactKey: Guid(d44b60f51b610904c9461fd3c724c3ce) Importer(815301076,1909f56bfc062723c751e8b465ee728b)
Start importing Assets/Prefabs/Gun using Guid(d44b60f51b610904c9461fd3c724c3ce) Importer(815301076,1909f56bfc062723c751e8b465ee728b)  -> (artifact id: '6419fc73d1a5ba5144da76ee5a4014df') in 0.017490 seconds 
  Import took 0.022766 seconds .

========================================================================
Received Import Request.
  Time since last request: 61.412565 seconds.
  path: Assets/Prefabs/EnemyRobots/Scenes
  artifactKey: Guid(b2045e3367135944abedd090caaebcb8) Importer(815301076,1909f56bfc062723c751e8b465ee728b)
Start importing Assets/Prefabs/EnemyRobots/Scenes using Guid(b2045e3367135944abedd090caaebcb8) Importer(815301076,1909f56bfc062723c751e8b465ee728b)  -> (artifact id: 'f2ba94de95a0b2f26fb02d2032742fe9') in 0.012526 seconds 
  Import took 0.021576 seconds .

========================================================================
Received Import Request.
  Time since last request: 0.002991 seconds.
  path: Assets/Prefabs/EnemyRobots/Scenes
  artifactKey: Guid(b2045e3367135944abedd090caaebcb8) Importer(815301076,1909f56bfc062723c751e8b465ee728b)
Start importing Assets/Prefabs/EnemyRobots/Scenes using Guid(b2045e3367135944abedd090caaebcb8) Importer(815301076,1909f56bfc062723c751e8b465ee728b)  -> (artifact id: 'f2ba94de95a0b2f26fb02d2032742fe9') in 0.010371 seconds 
  Import took 0.018335 seconds .

========================================================================
Received Import Request.
  Time since last request: 0.803980 seconds.
  path: Assets/Prefabs/EnemyRobots/Scenes/Demo.unity
  artifactKey: Guid(d289aa4059126f446ac3c710159bb166) Importer(815301076,1909f56bfc062723c751e8b465ee728b)
Start importing Assets/Prefabs/EnemyRobots/Scenes/Demo.unity using Guid(d289aa4059126f446ac3c710159bb166) Importer(815301076,1909f56bfc062723c751e8b465ee728b)  -> (artifact id: '9408b5b852bcfce5dedc8e99a1167c1d') in 0.015540 seconds 
  Import took 0.022267 seconds .

========================================================================
Received Import Request.
  Time since last request: 0.003952 seconds.
  path: Assets/Prefabs/EnemyRobots/Scenes/Demo.unity
  artifactKey: Guid(d289aa4059126f446ac3c710159bb166) Importer(815301076,1909f56bfc062723c751e8b465ee728b)
Start importing Assets/Prefabs/EnemyRobots/Scenes/Demo.unity using Guid(d289aa4059126f446ac3c710159bb166) Importer(815301076,1909f56bfc062723c751e8b465ee728b)  -> (artifact id: '9408b5b852bcfce5dedc8e99a1167c1d') in 0.005546 seconds 
  Import took 0.012556 seconds .

